c:\users\asusb250-tla\documents\visual studio 2015\projects\piagui\piagui\x64\debug\piagui.obj
c:\users\asusb250-tla\documents\visual studio 2015\projects\piagui\piagui\x64\debug\main.obj
c:\users\asusb250-tla\documents\visual studio 2015\projects\piagui\piagui\x64\debug\myopenglwindow.obj
c:\users\asusb250-tla\documents\visual studio 2015\projects\piagui\piagui\x64\debug\mathematic.obj
c:\users\asusb250-tla\documents\visual studio 2015\projects\piagui\piagui\x64\debug\object.obj
c:\users\asusb250-tla\documents\visual studio 2015\projects\piagui\piagui\x64\debug\vc140.pdb
c:\users\asusb250-tla\documents\visual studio 2015\projects\piagui\piagui\x64\debug\curve.obj
c:\users\asusb250-tla\documents\visual studio 2015\projects\piagui\piagui\x64\debug\bspline.obj
c:\users\asusb250-tla\documents\visual studio 2015\projects\piagui\piagui\x64\debug\generatedfiles\debug\moc_piagui.obj
c:\users\asusb250-tla\documents\visual studio 2015\projects\piagui\piagui\x64\debug\generatedfiles\qrc_piagui.obj
d:\mygit\piagui\piagui\x64\debug\piagui.obj
d:\mygit\piagui\piagui\x64\debug\main.obj
d:\mygit\piagui\piagui\x64\debug\myopenglwindow.obj
d:\mygit\piagui\piagui\x64\debug\curve.obj
d:\mygit\piagui\piagui\x64\debug\bspline.obj
d:\mygit\piagui\piagui\x64\debug\mathematic.obj
d:\mygit\piagui\piagui\x64\debug\vc140.pdb
d:\mygit\piagui\piagui\x64\debug\generatedfiles\debug\moc_piagui.obj
d:\mygit\piagui\piagui\x64\debug\generatedfiles\qrc_piagui.obj
c:\users\asusb250-tla\documents\visual studio 2015\projects\piagui\x64\debug\piagui.ilk
c:\users\asusb250-tla\documents\visual studio 2015\projects\piagui\x64\debug\piagui.exe
c:\users\asusb250-tla\documents\visual studio 2015\projects\piagui\x64\debug\piagui.pdb
d:\mygit\piagui\x64\debug\piagui.ilk
d:\mygit\piagui\x64\debug\piagui.exe
d:\mygit\piagui\x64\debug\piagui.pdb
c:\users\asusb250-tla\documents\visual studio 2015\projects\piagui\piagui\generatedfiles\debug\moc_piagui.cpp
c:\users\asusb250-tla\documents\visual studio 2015\projects\piagui\piagui\generatedfiles\qrc_piagui.cpp
c:\users\asusb250-tla\documents\visual studio 2015\projects\piagui\piagui\generatedfiles\ui_piagui.h
d:\mygit\piagui\piagui\generatedfiles\debug\moc_piagui.cpp
d:\mygit\piagui\piagui\generatedfiles\ui_piagui.h
d:\mygit\piagui\piagui\generatedfiles\qrc_piagui.cpp
d:\mygit\piagui\piagui\x64\debug\moc_piagui.obj
d:\mygit\piagui\piagui\x64\debug\object.obj
d:\mygit\piagui\piagui\x64\debug\qrc_piagui.obj
d:\mygit\piagui\piagui\x64\debug\piagui.tlog\cl.command.1.tlog
d:\mygit\piagui\piagui\x64\debug\piagui.tlog\cl.read.1.tlog
d:\mygit\piagui\piagui\x64\debug\piagui.tlog\cl.write.1.tlog
d:\mygit\piagui\piagui\x64\debug\piagui.tlog\link.command.1.tlog
d:\mygit\piagui\piagui\x64\debug\piagui.tlog\link.read.1.tlog
d:\mygit\piagui\piagui\x64\debug\piagui.tlog\link.write.1.tlog
d:\mygit\piagui\piagui\x64\debug\piagui.tlog\piagui.write.1u.tlog
